<?xml version="1.0" encoding="UTF-8"?>
<testsuite name="com.appledeveloperacademy.soongies.SoongiesApplicationTests" tests="1" skipped="0" failures="0" errors="0" timestamp="2024-05-23T16:18:08" hostname="Macbook-m3-Pro-K.local" time="0.323">
  <properties/>
  <testcase name="contextLoads()" classname="com.appledeveloperacademy.soongies.SoongiesApplicationTests" time="0.323"/>
  <system-out><![CDATA[01:18:06.923 [Test worker] INFO org.springframework.test.context.support.AnnotationConfigContextLoaderUtils -- Could not detect default configuration classes for test class [com.appledeveloperacademy.soongies.SoongiesApplicationTests]: SoongiesApplicationTests does not declare any static, non-private, non-final, nested classes annotated with @Configuration.
01:18:06.972 [Test worker] INFO org.springframework.boot.test.context.SpringBootTestContextBootstrapper -- Found @SpringBootConfiguration com.appledeveloperacademy.soongies.SoongiesApplication for test class com.appledeveloperacademy.soongies.SoongiesApplicationTests

  .   ____          _            __ _ _
 /\\ / ___'_ __ _ _(_)_ __  __ _ \ \ \ \
( ( )\___ | '_ | '_| | '_ \/ _` | \ \ \ \
 \\/  ___)| |_)| | | | | || (_| |  ) ) ) )
  '  |____| .__|_| |_|_| |_\__, | / / / /
 =========|_|==============|___/=/_/_/_/
 :: Spring Boot ::                (v3.2.5)

2024-05-24T01:18:07.242+09:00  INFO 60293 --- [    Test worker] c.a.soongies.SoongiesApplicationTests    : Starting SoongiesApplicationTests using Java 17.0.8.1 with PID 60293 (started by kyungsoolee in /Users/kyungsoolee/GitRepositories/AppleDeveloperAcademy@POSTECH/MC2/MC2-Team14-Soongies-Server)
2024-05-24T01:18:07.243+09:00  INFO 60293 --- [    Test worker] c.a.soongies.SoongiesApplicationTests    : The following 1 profile is active: "oauth"
2024-05-24T01:18:07.516+09:00  INFO 60293 --- [    Test worker] o.s.cloud.context.scope.GenericScope     : BeanFactory id=6d04ac4f-cb7d-3183-8b49-0568b0f52d40
2024-05-24T01:18:08.194+09:00  INFO 60293 --- [    Test worker] c.a.soongies.SoongiesApplicationTests    : Started SoongiesApplicationTests in 1.177 seconds (process running for 1.553)
]]></system-out>
  <system-err><![CDATA[]]></system-err>
</testsuite>
